2023-11-06T00:10:22.518+01:00  INFO 18416 --- [main] c.e.a.AbidMehdi4Twin7Application         : Starting AbidMehdi4Twin7Application using Java 17.0.8 with PID 18416 (C:\Users\mehdi\IdeaProjects\Abid_Mehdi_4TWIN7\target\classes started by Mehdi in C:\Users\mehdi\IdeaProjects\Abid_Mehdi_4TWIN7)
2023-11-06T00:10:22.523+01:00  INFO 18416 --- [main] c.e.a.AbidMehdi4Twin7Application         : No active profile set, falling back to 1 default profile: "default"
2023-11-06T00:10:23.582+01:00  INFO 18416 --- [main] .s.d.r.c.RepositoryConfigurationDelegate : Bootstrapping Spring Data JPA repositories in DEFAULT mode.
2023-11-06T00:10:23.683+01:00  INFO 18416 --- [main] .s.d.r.c.RepositoryConfigurationDelegate : Finished Spring Data repository scanning in 89 ms. Found 6 JPA repository interfaces.
2023-11-06T00:10:24.386+01:00  INFO 18416 --- [main] o.s.b.w.embedded.tomcat.TomcatWebServer  : Tomcat initialized with port(s): 8080 (http)
2023-11-06T00:10:24.401+01:00  INFO 18416 --- [main] o.apache.catalina.core.StandardService   : Starting service [Tomcat]
2023-11-06T00:10:24.402+01:00  INFO 18416 --- [main] o.apache.catalina.core.StandardEngine    : Starting Servlet engine: [Apache Tomcat/10.1.13]
2023-11-06T00:10:24.511+01:00  INFO 18416 --- [main] o.a.c.c.C.[Tomcat].[localhost].[/]       : Initializing Spring embedded WebApplicationContext
2023-11-06T00:10:24.511+01:00  INFO 18416 --- [main] w.s.c.ServletWebServerApplicationContext : Root WebApplicationContext: initialization completed in 1921 ms
2023-11-06T00:10:24.711+01:00  INFO 18416 --- [main] o.hibernate.jpa.internal.util.LogHelper  : HHH000204: Processing PersistenceUnitInfo [name: default]
2023-11-06T00:10:24.786+01:00  INFO 18416 --- [main] org.hibernate.Version                    : HHH000412: Hibernate ORM core version 6.2.9.Final
2023-11-06T00:10:24.788+01:00  INFO 18416 --- [main] org.hibernate.cfg.Environment            : HHH000406: Using bytecode reflection optimizer
2023-11-06T00:10:24.960+01:00  INFO 18416 --- [main] o.h.b.i.BytecodeProviderInitiator        : HHH000021: Bytecode provider name : bytebuddy
2023-11-06T00:10:25.101+01:00  INFO 18416 --- [main] o.s.o.j.p.SpringPersistenceUnitInfo      : No LoadTimeWeaver setup: ignoring JPA class transformer
2023-11-06T00:10:25.119+01:00  INFO 18416 --- [main] com.zaxxer.hikari.HikariDataSource       : HikariPool-1 - Starting...
2023-11-06T00:10:25.325+01:00  INFO 18416 --- [main] com.zaxxer.hikari.pool.HikariPool        : HikariPool-1 - Added connection com.mysql.cj.jdbc.ConnectionImpl@4c2ab536
2023-11-06T00:10:25.327+01:00  INFO 18416 --- [main] com.zaxxer.hikari.HikariDataSource       : HikariPool-1 - Start completed.
2023-11-06T00:10:25.389+01:00  WARN 18416 --- [main] org.hibernate.dialect.Dialect            : HHH000511: The 5.5.0 version for [org.hibernate.dialect.MySQLDialect] is no longer supported, hence certain features may not work properly. The minimum supported version is 5.7.0. Check the community dialects project for available legacy versions.
2023-11-06T00:10:25.662+01:00  INFO 18416 --- [main] o.h.b.i.BytecodeProviderInitiator        : HHH000021: Bytecode provider name : bytebuddy
2023-11-06T00:10:26.424+01:00  INFO 18416 --- [main] o.h.e.t.j.p.i.JtaPlatformInitiator       : HHH000490: Using JtaPlatform implementation: [org.hibernate.engine.transaction.jta.platform.internal.NoJtaPlatform]
2023-11-06T00:10:26.815+01:00  INFO 18416 --- [main] j.LocalContainerEntityManagerFactoryBean : Initialized JPA EntityManagerFactory for persistence unit 'default'
2023-11-06T00:10:27.404+01:00  WARN 18416 --- [main] JpaBaseConfiguration$JpaWebConfiguration : spring.jpa.open-in-view is enabled by default. Therefore, database queries may be performed during view rendering. Explicitly configure spring.jpa.open-in-view to disable this warning
2023-11-06T00:10:28.233+01:00  INFO 18416 --- [main] o.s.b.w.embedded.tomcat.TomcatWebServer  : Tomcat started on port(s): 8080 (http) with context path ''
2023-11-06T00:10:28.241+01:00  INFO 18416 --- [main] c.e.a.AbidMehdi4Twin7Application         : Started AbidMehdi4Twin7Application in 6.345 seconds (process running for 7.221)
2023-11-06T00:10:51.418+01:00  INFO 18416 --- [http-nio-8080-exec-1] o.a.c.c.C.[Tomcat].[localhost].[/]       : Initializing Spring DispatcherServlet 'dispatcherServlet'
2023-11-06T00:10:51.419+01:00  INFO 18416 --- [http-nio-8080-exec-1] o.s.web.servlet.DispatcherServlet        : Initializing Servlet 'dispatcherServlet'
2023-11-06T00:10:51.422+01:00  INFO 18416 --- [http-nio-8080-exec-1] o.s.web.servlet.DispatcherServlet        : Completed initialization in 3 ms
2023-11-06T00:10:52.479+01:00  WARN 18416 --- [http-nio-8080-exec-9] ocalVariableTableParameterNameDiscoverer : Using deprecated '-debug' fallback for parameter name resolution. Compile the affected code with '-parameters' instead or avoid its introspection: com.example.abid_mehdi_4twin7.controller.UniversiteRestController
2023-11-06T00:10:52.934+01:00  WARN 18416 --- [http-nio-8080-exec-9] ocalVariableTableParameterNameDiscoverer : Using deprecated '-debug' fallback for parameter name resolution. Compile the affected code with '-parameters' instead or avoid its introspection: com.example.abid_mehdi_4twin7.controller.ReservationRestController
2023-11-06T00:10:52.958+01:00  WARN 18416 --- [http-nio-8080-exec-9] ocalVariableTableParameterNameDiscoverer : Using deprecated '-debug' fallback for parameter name resolution. Compile the affected code with '-parameters' instead or avoid its introspection: com.example.abid_mehdi_4twin7.controller.FoyerRestController
2023-11-06T00:10:53.021+01:00  WARN 18416 --- [http-nio-8080-exec-9] ocalVariableTableParameterNameDiscoverer : Using deprecated '-debug' fallback for parameter name resolution. Compile the affected code with '-parameters' instead or avoid its introspection: com.example.abid_mehdi_4twin7.controller.EtudiantRestController
2023-11-06T00:10:53.055+01:00  WARN 18416 --- [http-nio-8080-exec-9] ocalVariableTableParameterNameDiscoverer : Using deprecated '-debug' fallback for parameter name resolution. Compile the affected code with '-parameters' instead or avoid its introspection: com.example.abid_mehdi_4twin7.controller.ChambreRestController
2023-11-06T00:10:53.094+01:00  WARN 18416 --- [http-nio-8080-exec-9] ocalVariableTableParameterNameDiscoverer : Using deprecated '-debug' fallback for parameter name resolution. Compile the affected code with '-parameters' instead or avoid its introspection: com.example.abid_mehdi_4twin7.controller.BlocRestController
2023-11-06T00:10:53.334+01:00  INFO 18416 --- [http-nio-8080-exec-9] o.springdoc.api.AbstractOpenApiResource  : Init duration for springdoc-openapi is: 968 ms
2023-11-06T00:43:29.699+01:00  INFO 18416 --- [SpringApplicationShutdownHook] j.LocalContainerEntityManagerFactoryBean : Closing JPA EntityManagerFactory for persistence unit 'default'
2023-11-06T00:43:29.703+01:00  INFO 18416 --- [SpringApplicationShutdownHook] com.zaxxer.hikari.HikariDataSource       : HikariPool-1 - Shutdown initiated...
2023-11-06T00:43:29.708+01:00  INFO 18416 --- [SpringApplicationShutdownHook] com.zaxxer.hikari.HikariDataSource       : HikariPool-1 - Shutdown completed.
2023-11-06T00:43:37.311+01:00  INFO 8456 --- [main] c.e.a.AbidMehdi4Twin7Application         : Starting AbidMehdi4Twin7Application using Java 17.0.8 with PID 8456 (C:\Users\mehdi\IdeaProjects\Abid_Mehdi_4TWIN7\target\classes started by Mehdi in C:\Users\mehdi\IdeaProjects\Abid_Mehdi_4TWIN7)
2023-11-06T00:43:37.314+01:00  INFO 8456 --- [main] c.e.a.AbidMehdi4Twin7Application         : No active profile set, falling back to 1 default profile: "default"
2023-11-06T00:43:38.087+01:00  INFO 8456 --- [main] .s.d.r.c.RepositoryConfigurationDelegate : Bootstrapping Spring Data JPA repositories in DEFAULT mode.
2023-11-06T00:43:38.159+01:00  INFO 8456 --- [main] .s.d.r.c.RepositoryConfigurationDelegate : Finished Spring Data repository scanning in 64 ms. Found 6 JPA repository interfaces.
2023-11-06T00:43:38.748+01:00  INFO 8456 --- [main] o.s.b.w.embedded.tomcat.TomcatWebServer  : Tomcat initialized with port(s): 8080 (http)
2023-11-06T00:43:38.757+01:00  INFO 8456 --- [main] o.apache.catalina.core.StandardService   : Starting service [Tomcat]
2023-11-06T00:43:38.758+01:00  INFO 8456 --- [main] o.apache.catalina.core.StandardEngine    : Starting Servlet engine: [Apache Tomcat/10.1.13]
2023-11-06T00:43:38.849+01:00  INFO 8456 --- [main] o.a.c.c.C.[Tomcat].[localhost].[/]       : Initializing Spring embedded WebApplicationContext
2023-11-06T00:43:38.849+01:00  INFO 8456 --- [main] w.s.c.ServletWebServerApplicationContext : Root WebApplicationContext: initialization completed in 1481 ms
2023-11-06T00:43:39.009+01:00  INFO 8456 --- [main] o.hibernate.jpa.internal.util.LogHelper  : HHH000204: Processing PersistenceUnitInfo [name: default]
2023-11-06T00:43:39.061+01:00  INFO 8456 --- [main] org.hibernate.Version                    : HHH000412: Hibernate ORM core version 6.2.9.Final
2023-11-06T00:43:39.064+01:00  INFO 8456 --- [main] org.hibernate.cfg.Environment            : HHH000406: Using bytecode reflection optimizer
2023-11-06T00:43:39.212+01:00  INFO 8456 --- [main] o.h.b.i.BytecodeProviderInitiator        : HHH000021: Bytecode provider name : bytebuddy
2023-11-06T00:43:39.342+01:00  INFO 8456 --- [main] o.s.o.j.p.SpringPersistenceUnitInfo      : No LoadTimeWeaver setup: ignoring JPA class transformer
2023-11-06T00:43:39.361+01:00  INFO 8456 --- [main] com.zaxxer.hikari.HikariDataSource       : HikariPool-1 - Starting...
2023-11-06T00:43:39.553+01:00  INFO 8456 --- [main] com.zaxxer.hikari.pool.HikariPool        : HikariPool-1 - Added connection com.mysql.cj.jdbc.ConnectionImpl@1b3bec6c
2023-11-06T00:43:39.554+01:00  INFO 8456 --- [main] com.zaxxer.hikari.HikariDataSource       : HikariPool-1 - Start completed.
2023-11-06T00:43:39.627+01:00  WARN 8456 --- [main] org.hibernate.dialect.Dialect            : HHH000511: The 5.5.0 version for [org.hibernate.dialect.MySQLDialect] is no longer supported, hence certain features may not work properly. The minimum supported version is 5.7.0. Check the community dialects project for available legacy versions.
2023-11-06T00:43:39.935+01:00  INFO 8456 --- [main] o.h.b.i.BytecodeProviderInitiator        : HHH000021: Bytecode provider name : bytebuddy
2023-11-06T00:43:40.696+01:00  INFO 8456 --- [main] o.h.e.t.j.p.i.JtaPlatformInitiator       : HHH000490: Using JtaPlatform implementation: [org.hibernate.engine.transaction.jta.platform.internal.NoJtaPlatform]
2023-11-06T00:43:40.887+01:00  INFO 8456 --- [main] j.LocalContainerEntityManagerFactoryBean : Initialized JPA EntityManagerFactory for persistence unit 'default'
2023-11-06T00:43:41.333+01:00  WARN 8456 --- [main] ConfigServletWebServerApplicationContext : Exception encountered during context initialization - cancelling refresh attempt: org.springframework.beans.factory.UnsatisfiedDependencyException: Error creating bean with name 'reservationRestController' defined in file [C:\Users\mehdi\IdeaProjects\Abid_Mehdi_4TWIN7\target\classes\com\example\abid_mehdi_4twin7\controller\ReservationRestController.class]: Unsatisfied dependency expressed through constructor parameter 0: Error creating bean with name 'reservationServices' defined in file [C:\Users\mehdi\IdeaProjects\Abid_Mehdi_4TWIN7\target\classes\com\example\abid_mehdi_4twin7\Services\ReservationServices.class]: Unsatisfied dependency expressed through constructor parameter 0: Error creating bean with name 'IReservationRepository' defined in com.example.abid_mehdi_4twin7.repositories.IReservationRepository defined in @EnableJpaRepositories declared on JpaRepositoriesRegistrar.EnableJpaRepositoriesConfiguration: Could not create query for public abstract java.util.List com.example.abid_mehdi_4twin7.repositories.IReservationRepository.findByDateReservationBetween(java.util.Date,java.util.Date); Reason: Failed to create query for method public abstract java.util.List com.example.abid_mehdi_4twin7.repositories.IReservationRepository.findByDateReservationBetween(java.util.Date,java.util.Date); No property 'dateReservation' found for type 'Reservation'
2023-11-06T00:43:41.334+01:00  INFO 8456 --- [main] j.LocalContainerEntityManagerFactoryBean : Closing JPA EntityManagerFactory for persistence unit 'default'
2023-11-06T00:43:41.337+01:00  INFO 8456 --- [main] com.zaxxer.hikari.HikariDataSource       : HikariPool-1 - Shutdown initiated...
2023-11-06T00:43:41.347+01:00  INFO 8456 --- [main] com.zaxxer.hikari.HikariDataSource       : HikariPool-1 - Shutdown completed.
2023-11-06T00:43:41.350+01:00  INFO 8456 --- [main] o.apache.catalina.core.StandardService   : Stopping service [Tomcat]
2023-11-06T00:43:41.363+01:00  INFO 8456 --- [main] .s.b.a.l.ConditionEvaluationReportLogger : 

Error starting ApplicationContext. To display the condition evaluation report re-run your application with 'debug' enabled.
2023-11-06T00:43:41.386+01:00 ERROR 8456 --- [main] o.s.boot.SpringApplication               : Application run failed

org.springframework.beans.factory.UnsatisfiedDependencyException: Error creating bean with name 'reservationRestController' defined in file [C:\Users\mehdi\IdeaProjects\Abid_Mehdi_4TWIN7\target\classes\com\example\abid_mehdi_4twin7\controller\ReservationRestController.class]: Unsatisfied dependency expressed through constructor parameter 0: Error creating bean with name 'reservationServices' defined in file [C:\Users\mehdi\IdeaProjects\Abid_Mehdi_4TWIN7\target\classes\com\example\abid_mehdi_4twin7\Services\ReservationServices.class]: Unsatisfied dependency expressed through constructor parameter 0: Error creating bean with name 'IReservationRepository' defined in com.example.abid_mehdi_4twin7.repositories.IReservationRepository defined in @EnableJpaRepositories declared on JpaRepositoriesRegistrar.EnableJpaRepositoriesConfiguration: Could not create query for public abstract java.util.List com.example.abid_mehdi_4twin7.repositories.IReservationRepository.findByDateReservationBetween(java.util.Date,java.util.Date); Reason: Failed to create query for method public abstract java.util.List com.example.abid_mehdi_4twin7.repositories.IReservationRepository.findByDateReservationBetween(java.util.Date,java.util.Date); No property 'dateReservation' found for type 'Reservation'
	at org.springframework.beans.factory.support.ConstructorResolver.createArgumentArray(ConstructorResolver.java:801) ~[spring-beans-6.0.12.jar:6.0.12]
	at org.springframework.beans.factory.support.ConstructorResolver.autowireConstructor(ConstructorResolver.java:240) ~[spring-beans-6.0.12.jar:6.0.12]
	at org.springframework.beans.factory.support.AbstractAutowireCapableBeanFactory.autowireConstructor(AbstractAutowireCapableBeanFactory.java:1352) ~[spring-beans-6.0.12.jar:6.0.12]
	at org.springframework.beans.factory.support.AbstractAutowireCapableBeanFactory.createBeanInstance(AbstractAutowireCapableBeanFactory.java:1189) ~[spring-beans-6.0.12.jar:6.0.12]
	at org.springframework.beans.factory.support.AbstractAutowireCapableBeanFactory.doCreateBean(AbstractAutowireCapableBeanFactory.java:560) ~[spring-beans-6.0.12.jar:6.0.12]
	at org.springframework.beans.factory.support.AbstractAutowireCapableBeanFactory.createBean(AbstractAutowireCapableBeanFactory.java:520) ~[spring-beans-6.0.12.jar:6.0.12]
	at org.springframework.beans.factory.support.AbstractBeanFactory.lambda$doGetBean$0(AbstractBeanFactory.java:325) ~[spring-beans-6.0.12.jar:6.0.12]
	at org.springframework.beans.factory.support.DefaultSingletonBeanRegistry.getSingleton(DefaultSingletonBeanRegistry.java:234) ~[spring-beans-6.0.12.jar:6.0.12]
	at org.springframework.beans.factory.support.AbstractBeanFactory.doGetBean(AbstractBeanFactory.java:323) ~[spring-beans-6.0.12.jar:6.0.12]
	at org.springframework.beans.factory.support.AbstractBeanFactory.getBean(AbstractBeanFactory.java:199) ~[spring-beans-6.0.12.jar:6.0.12]
	at org.springframework.beans.factory.support.DefaultListableBeanFactory.preInstantiateSingletons(DefaultListableBeanFactory.java:973) ~[spring-beans-6.0.12.jar:6.0.12]
	at org.springframework.context.support.AbstractApplicationContext.finishBeanFactoryInitialization(AbstractApplicationContext.java:942) ~[spring-context-6.0.12.jar:6.0.12]
	at org.springframework.context.support.AbstractApplicationContext.refresh(AbstractApplicationContext.java:608) ~[spring-context-6.0.12.jar:6.0.12]
	at org.springframework.boot.web.servlet.context.ServletWebServerApplicationContext.refresh(ServletWebServerApplicationContext.java:146) ~[spring-boot-3.1.4.jar:3.1.4]
	at org.springframework.boot.SpringApplication.refresh(SpringApplication.java:737) ~[spring-boot-3.1.4.jar:3.1.4]
	at org.springframework.boot.SpringApplication.refreshContext(SpringApplication.java:439) ~[spring-boot-3.1.4.jar:3.1.4]
	at org.springframework.boot.SpringApplication.run(SpringApplication.java:315) ~[spring-boot-3.1.4.jar:3.1.4]
	at org.springframework.boot.SpringApplication.run(SpringApplication.java:1309) ~[spring-boot-3.1.4.jar:3.1.4]
	at org.springframework.boot.SpringApplication.run(SpringApplication.java:1298) ~[spring-boot-3.1.4.jar:3.1.4]
	at com.example.abid_mehdi_4twin7.AbidMehdi4Twin7Application.main(AbidMehdi4Twin7Application.java:10) ~[classes/:na]
Caused by: org.springframework.beans.factory.UnsatisfiedDependencyException: Error creating bean with name 'reservationServices' defined in file [C:\Users\mehdi\IdeaProjects\Abid_Mehdi_4TWIN7\target\classes\com\example\abid_mehdi_4twin7\Services\ReservationServices.class]: Unsatisfied dependency expressed through constructor parameter 0: Error creating bean with name 'IReservationRepository' defined in com.example.abid_mehdi_4twin7.repositories.IReservationRepository defined in @EnableJpaRepositories declared on JpaRepositoriesRegistrar.EnableJpaRepositoriesConfiguration: Could not create query for public abstract java.util.List com.example.abid_mehdi_4twin7.repositories.IReservationRepository.findByDateReservationBetween(java.util.Date,java.util.Date); Reason: Failed to create query for method public abstract java.util.List com.example.abid_mehdi_4twin7.repositories.IReservationRepository.findByDateReservationBetween(java.util.Date,java.util.Date); No property 'dateReservation' found for type 'Reservation'
	at org.springframework.beans.factory.support.ConstructorResolver.createArgumentArray(ConstructorResolver.java:801) ~[spring-beans-6.0.12.jar:6.0.12]
	at org.springframework.beans.factory.support.ConstructorResolver.autowireConstructor(ConstructorResolver.java:240) ~[spring-beans-6.0.12.jar:6.0.12]
	at org.springframework.beans.factory.support.AbstractAutowireCapableBeanFactory.autowireConstructor(AbstractAutowireCapableBeanFactory.java:1352) ~[spring-beans-6.0.12.jar:6.0.12]
	at org.springframework.beans.factory.support.AbstractAutowireCapableBeanFactory.createBeanInstance(AbstractAutowireCapableBeanFactory.java:1189) ~[spring-beans-6.0.12.jar:6.0.12]
	at org.springframework.beans.factory.support.AbstractAutowireCapableBeanFactory.doCreateBean(AbstractAutowireCapableBeanFactory.java:560) ~[spring-beans-6.0.12.jar:6.0.12]
	at org.springframework.beans.factory.support.AbstractAutowireCapableBeanFactory.createBean(AbstractAutowireCapableBeanFactory.java:520) ~[spring-beans-6.0.12.jar:6.0.12]
	at org.springframework.beans.factory.support.AbstractBeanFactory.lambda$doGetBean$0(AbstractBeanFactory.java:325) ~[spring-beans-6.0.12.jar:6.0.12]
	at org.springframework.beans.factory.support.DefaultSingletonBeanRegistry.getSingleton(DefaultSingletonBeanRegistry.java:234) ~[spring-beans-6.0.12.jar:6.0.12]
	at org.springframework.beans.factory.support.AbstractBeanFactory.doGetBean(AbstractBeanFactory.java:323) ~[spring-beans-6.0.12.jar:6.0.12]
	at org.springframework.beans.factory.support.AbstractBeanFactory.getBean(AbstractBeanFactory.java:199) ~[spring-beans-6.0.12.jar:6.0.12]
	at org.springframework.beans.factory.config.DependencyDescriptor.resolveCandidate(DependencyDescriptor.java:254) ~[spring-beans-6.0.12.jar:6.0.12]
	at org.springframework.beans.factory.support.DefaultListableBeanFactory.doResolveDependency(DefaultListableBeanFactory.java:1417) ~[spring-beans-6.0.12.jar:6.0.12]
	at org.springframework.beans.factory.support.DefaultListableBeanFactory.resolveDependency(DefaultListableBeanFactory.java:1337) ~[spring-beans-6.0.12.jar:6.0.12]
	at org.springframework.beans.factory.support.ConstructorResolver.resolveAutowiredArgument(ConstructorResolver.java:910) ~[spring-beans-6.0.12.jar:6.0.12]
	at org.springframework.beans.factory.support.ConstructorResolver.createArgumentArray(ConstructorResolver.java:788) ~[spring-beans-6.0.12.jar:6.0.12]
	... 19 common frames omitted
Caused by: org.springframework.beans.factory.BeanCreationException: Error creating bean with name 'IReservationRepository' defined in com.example.abid_mehdi_4twin7.repositories.IReservationRepository defined in @EnableJpaRepositories declared on JpaRepositoriesRegistrar.EnableJpaRepositoriesConfiguration: Could not create query for public abstract java.util.List com.example.abid_mehdi_4twin7.repositories.IReservationRepository.findByDateReservationBetween(java.util.Date,java.util.Date); Reason: Failed to create query for method public abstract java.util.List com.example.abid_mehdi_4twin7.repositories.IReservationRepository.findByDateReservationBetween(java.util.Date,java.util.Date); No property 'dateReservation' found for type 'Reservation'
	at org.springframework.beans.factory.support.AbstractAutowireCapableBeanFactory.initializeBean(AbstractAutowireCapableBeanFactory.java:1770) ~[spring-beans-6.0.12.jar:6.0.12]
	at org.springframework.beans.factory.support.AbstractAutowireCapableBeanFactory.doCreateBean(AbstractAutowireCapableBeanFactory.java:598) ~[spring-beans-6.0.12.jar:6.0.12]
	at org.springframework.beans.factory.support.AbstractAutowireCapableBeanFactory.createBean(AbstractAutowireCapableBeanFactory.java:520) ~[spring-beans-6.0.12.jar:6.0.12]
	at org.springframework.beans.factory.support.AbstractBeanFactory.lambda$doGetBean$0(AbstractBeanFactory.java:325) ~[spring-beans-6.0.12.jar:6.0.12]
	at org.springframework.beans.factory.support.DefaultSingletonBeanRegistry.getSingleton(DefaultSingletonBeanRegistry.java:234) ~[spring-beans-6.0.12.jar:6.0.12]
	at org.springframework.beans.factory.support.AbstractBeanFactory.doGetBean(AbstractBeanFactory.java:323) ~[spring-beans-6.0.12.jar:6.0.12]
	at org.springframework.beans.factory.support.AbstractBeanFactory.getBean(AbstractBeanFactory.java:199) ~[spring-beans-6.0.12.jar:6.0.12]
	at org.springframework.beans.factory.config.DependencyDescriptor.resolveCandidate(DependencyDescriptor.java:254) ~[spring-beans-6.0.12.jar:6.0.12]
	at org.springframework.beans.factory.support.DefaultListableBeanFactory.doResolveDependency(DefaultListableBeanFactory.java:1417) ~[spring-beans-6.0.12.jar:6.0.12]
	at org.springframework.beans.factory.support.DefaultListableBeanFactory.resolveDependency(DefaultListableBeanFactory.java:1337) ~[spring-beans-6.0.12.jar:6.0.12]
	at org.springframework.beans.factory.support.ConstructorResolver.resolveAutowiredArgument(ConstructorResolver.java:910) ~[spring-beans-6.0.12.jar:6.0.12]
	at org.springframework.beans.factory.support.ConstructorResolver.createArgumentArray(ConstructorResolver.java:788) ~[spring-beans-6.0.12.jar:6.0.12]
	... 33 common frames omitted
Caused by: org.springframework.data.repository.query.QueryCreationException: Could not create query for public abstract java.util.List com.example.abid_mehdi_4twin7.repositories.IReservationRepository.findByDateReservationBetween(java.util.Date,java.util.Date); Reason: Failed to create query for method public abstract java.util.List com.example.abid_mehdi_4twin7.repositories.IReservationRepository.findByDateReservationBetween(java.util.Date,java.util.Date); No property 'dateReservation' found for type 'Reservation'
	at org.springframework.data.repository.query.QueryCreationException.create(QueryCreationException.java:101) ~[spring-data-commons-3.1.4.jar:3.1.4]
	at org.springframework.data.repository.core.support.QueryExecutorMethodInterceptor.lookupQuery(QueryExecutorMethodInterceptor.java:115) ~[spring-data-commons-3.1.4.jar:3.1.4]
	at org.springframework.data.repository.core.support.QueryExecutorMethodInterceptor.mapMethodsToQuery(QueryExecutorMethodInterceptor.java:99) ~[spring-data-commons-3.1.4.jar:3.1.4]
	at org.springframework.data.repository.core.support.QueryExecutorMethodInterceptor.lambda$new$0(QueryExecutorMethodInterceptor.java:88) ~[spring-data-commons-3.1.4.jar:3.1.4]
	at java.base/java.util.Optional.map(Optional.java:260) ~[na:na]
	at org.springframework.data.repository.core.support.QueryExecutorMethodInterceptor.<init>(QueryExecutorMethodInterceptor.java:88) ~[spring-data-commons-3.1.4.jar:3.1.4]
	at org.springframework.data.repository.core.support.RepositoryFactorySupport.getRepository(RepositoryFactorySupport.java:357) ~[spring-data-commons-3.1.4.jar:3.1.4]
	at org.springframework.data.repository.core.support.RepositoryFactoryBeanSupport.lambda$afterPropertiesSet$5(RepositoryFactoryBeanSupport.java:279) ~[spring-data-commons-3.1.4.jar:3.1.4]
	at org.springframework.data.util.Lazy.getNullable(Lazy.java:245) ~[spring-data-commons-3.1.4.jar:3.1.4]
	at org.springframework.data.util.Lazy.get(Lazy.java:114) ~[spring-data-commons-3.1.4.jar:3.1.4]
	at org.springframework.data.repository.core.support.RepositoryFactoryBeanSupport.afterPropertiesSet(RepositoryFactoryBeanSupport.java:285) ~[spring-data-commons-3.1.4.jar:3.1.4]
	at org.springframework.data.jpa.repository.support.JpaRepositoryFactoryBean.afterPropertiesSet(JpaRepositoryFactoryBean.java:132) ~[spring-data-jpa-3.1.4.jar:3.1.4]
	at org.springframework.beans.factory.support.AbstractAutowireCapableBeanFactory.invokeInitMethods(AbstractAutowireCapableBeanFactory.java:1817) ~[spring-beans-6.0.12.jar:6.0.12]
	at org.springframework.beans.factory.support.AbstractAutowireCapableBeanFactory.initializeBean(AbstractAutowireCapableBeanFactory.java:1766) ~[spring-beans-6.0.12.jar:6.0.12]
	... 44 common frames omitted
Caused by: java.lang.IllegalArgumentException: Failed to create query for method public abstract java.util.List com.example.abid_mehdi_4twin7.repositories.IReservationRepository.findByDateReservationBetween(java.util.Date,java.util.Date); No property 'dateReservation' found for type 'Reservation'
	at org.springframework.data.jpa.repository.query.PartTreeJpaQuery.<init>(PartTreeJpaQuery.java:107) ~[spring-data-jpa-3.1.4.jar:3.1.4]
	at org.springframework.data.jpa.repository.query.JpaQueryLookupStrategy$CreateQueryLookupStrategy.resolveQuery(JpaQueryLookupStrategy.java:124) ~[spring-data-jpa-3.1.4.jar:3.1.4]
	at org.springframework.data.jpa.repository.query.JpaQueryLookupStrategy$CreateIfNotFoundQueryLookupStrategy.resolveQuery(JpaQueryLookupStrategy.java:258) ~[spring-data-jpa-3.1.4.jar:3.1.4]
	at org.springframework.data.jpa.repository.query.JpaQueryLookupStrategy$AbstractQueryLookupStrategy.resolveQuery(JpaQueryLookupStrategy.java:95) ~[spring-data-jpa-3.1.4.jar:3.1.4]
	at org.springframework.data.repository.core.support.QueryExecutorMethodInterceptor.lookupQuery(QueryExecutorMethodInterceptor.java:111) ~[spring-data-commons-3.1.4.jar:3.1.4]
	... 56 common frames omitted
Caused by: org.springframework.data.mapping.PropertyReferenceException: No property 'dateReservation' found for type 'Reservation'
	at org.springframework.data.mapping.PropertyPath.<init>(PropertyPath.java:90) ~[spring-data-commons-3.1.4.jar:3.1.4]
	at org.springframework.data.mapping.PropertyPath.create(PropertyPath.java:405) ~[spring-data-commons-3.1.4.jar:3.1.4]
	at org.springframework.data.mapping.PropertyPath.create(PropertyPath.java:381) ~[spring-data-commons-3.1.4.jar:3.1.4]
	at org.springframework.data.mapping.PropertyPath.lambda$from$0(PropertyPath.java:334) ~[spring-data-commons-3.1.4.jar:3.1.4]
	at java.base/java.util.concurrent.ConcurrentMap.computeIfAbsent(ConcurrentMap.java:330) ~[na:na]
	at org.springframework.data.mapping.PropertyPath.from(PropertyPath.java:316) ~[spring-data-commons-3.1.4.jar:3.1.4]
	at org.springframework.data.mapping.PropertyPath.from(PropertyPath.java:299) ~[spring-data-commons-3.1.4.jar:3.1.4]
	at org.springframework.data.repository.query.parser.Part.<init>(Part.java:81) ~[spring-data-commons-3.1.4.jar:3.1.4]
	at org.springframework.data.repository.query.parser.PartTree$OrPart.lambda$new$0(PartTree.java:242) ~[spring-data-commons-3.1.4.jar:3.1.4]
	at java.base/java.util.stream.ReferencePipeline$3$1.accept(ReferencePipeline.java:197) ~[na:na]
	at java.base/java.util.stream.ReferencePipeline$2$1.accept(ReferencePipeline.java:179) ~[na:na]
	at java.base/java.util.Spliterators$ArraySpliterator.forEachRemaining(Spliterators.java:992) ~[na:na]
	at java.base/java.util.stream.AbstractPipeline.copyInto(AbstractPipeline.java:509) ~[na:na]
	at java.base/java.util.stream.AbstractPipeline.wrapAndCopyInto(AbstractPipeline.java:499) ~[na:na]
	at java.base/java.util.stream.ReduceOps$ReduceOp.evaluateSequential(ReduceOps.java:921) ~[na:na]
	at java.base/java.util.stream.AbstractPipeline.evaluate(AbstractPipeline.java:234) ~[na:na]
	at java.base/java.util.stream.ReferencePipeline.collect(ReferencePipeline.java:682) ~[na:na]
	at org.springframework.data.repository.query.parser.PartTree$OrPart.<init>(PartTree.java:243) ~[spring-data-commons-3.1.4.jar:3.1.4]
	at org.springframework.data.repository.query.parser.PartTree$Predicate.lambda$new$0(PartTree.java:372) ~[spring-data-commons-3.1.4.jar:3.1.4]
	at java.base/java.util.stream.ReferencePipeline$3$1.accept(ReferencePipeline.java:197) ~[na:na]
	at java.base/java.util.stream.ReferencePipeline$2$1.accept(ReferencePipeline.java:179) ~[na:na]
	at java.base/java.util.Spliterators$ArraySpliterator.forEachRemaining(Spliterators.java:992) ~[na:na]
	at java.base/java.util.stream.AbstractPipeline.copyInto(AbstractPipeline.java:509) ~[na:na]
	at java.base/java.util.stream.AbstractPipeline.wrapAndCopyInto(AbstractPipeline.java:499) ~[na:na]
	at java.base/java.util.stream.ReduceOps$ReduceOp.evaluateSequential(ReduceOps.java:921) ~[na:na]
	at java.base/java.util.stream.AbstractPipeline.evaluate(AbstractPipeline.java:234) ~[na:na]
	at java.base/java.util.stream.ReferencePipeline.collect(ReferencePipeline.java:682) ~[na:na]
	at org.springframework.data.repository.query.parser.PartTree$Predicate.<init>(PartTree.java:373) ~[spring-data-commons-3.1.4.jar:3.1.4]
	at org.springframework.data.repository.query.parser.PartTree.<init>(PartTree.java:96) ~[spring-data-commons-3.1.4.jar:3.1.4]
	at org.springframework.data.jpa.repository.query.PartTreeJpaQuery.<init>(PartTreeJpaQuery.java:100) ~[spring-data-jpa-3.1.4.jar:3.1.4]
	... 60 common frames omitted

2023-11-06T00:50:05.356+01:00  INFO 28352 --- [main] c.e.a.AbidMehdi4Twin7Application         : Starting AbidMehdi4Twin7Application using Java 17.0.8 with PID 28352 (C:\Users\mehdi\IdeaProjects\Abid_Mehdi_4TWIN7\target\classes started by Mehdi in C:\Users\mehdi\IdeaProjects\Abid_Mehdi_4TWIN7)
2023-11-06T00:50:05.360+01:00  INFO 28352 --- [main] c.e.a.AbidMehdi4Twin7Application         : No active profile set, falling back to 1 default profile: "default"
2023-11-06T00:50:06.033+01:00  INFO 28352 --- [main] .s.d.r.c.RepositoryConfigurationDelegate : Bootstrapping Spring Data JPA repositories in DEFAULT mode.
2023-11-06T00:50:06.126+01:00  INFO 28352 --- [main] .s.d.r.c.RepositoryConfigurationDelegate : Finished Spring Data repository scanning in 83 ms. Found 6 JPA repository interfaces.
2023-11-06T00:50:06.666+01:00  INFO 28352 --- [main] o.s.b.w.embedded.tomcat.TomcatWebServer  : Tomcat initialized with port(s): 8080 (http)
2023-11-06T00:50:06.676+01:00  INFO 28352 --- [main] o.apache.catalina.core.StandardService   : Starting service [Tomcat]
2023-11-06T00:50:06.676+01:00  INFO 28352 --- [main] o.apache.catalina.core.StandardEngine    : Starting Servlet engine: [Apache Tomcat/10.1.13]
2023-11-06T00:50:06.765+01:00  INFO 28352 --- [main] o.a.c.c.C.[Tomcat].[localhost].[/]       : Initializing Spring embedded WebApplicationContext
2023-11-06T00:50:06.765+01:00  INFO 28352 --- [main] w.s.c.ServletWebServerApplicationContext : Root WebApplicationContext: initialization completed in 1354 ms
2023-11-06T00:50:06.921+01:00  INFO 28352 --- [main] o.hibernate.jpa.internal.util.LogHelper  : HHH000204: Processing PersistenceUnitInfo [name: default]
2023-11-06T00:50:06.968+01:00  INFO 28352 --- [main] org.hibernate.Version                    : HHH000412: Hibernate ORM core version 6.2.9.Final
2023-11-06T00:50:06.971+01:00  INFO 28352 --- [main] org.hibernate.cfg.Environment            : HHH000406: Using bytecode reflection optimizer
2023-11-06T00:50:07.111+01:00  INFO 28352 --- [main] o.h.b.i.BytecodeProviderInitiator        : HHH000021: Bytecode provider name : bytebuddy
2023-11-06T00:50:07.237+01:00  INFO 28352 --- [main] o.s.o.j.p.SpringPersistenceUnitInfo      : No LoadTimeWeaver setup: ignoring JPA class transformer
2023-11-06T00:50:07.254+01:00  INFO 28352 --- [main] com.zaxxer.hikari.HikariDataSource       : HikariPool-1 - Starting...
2023-11-06T00:50:07.430+01:00  INFO 28352 --- [main] com.zaxxer.hikari.pool.HikariPool        : HikariPool-1 - Added connection com.mysql.cj.jdbc.ConnectionImpl@4586a8aa
2023-11-06T00:50:07.432+01:00  INFO 28352 --- [main] com.zaxxer.hikari.HikariDataSource       : HikariPool-1 - Start completed.
2023-11-06T00:50:07.490+01:00  WARN 28352 --- [main] org.hibernate.dialect.Dialect            : HHH000511: The 5.5.0 version for [org.hibernate.dialect.MySQLDialect] is no longer supported, hence certain features may not work properly. The minimum supported version is 5.7.0. Check the community dialects project for available legacy versions.
2023-11-06T00:50:07.765+01:00  INFO 28352 --- [main] o.h.b.i.BytecodeProviderInitiator        : HHH000021: Bytecode provider name : bytebuddy
2023-11-06T00:50:08.501+01:00  INFO 28352 --- [main] o.h.e.t.j.p.i.JtaPlatformInitiator       : HHH000490: Using JtaPlatform implementation: [org.hibernate.engine.transaction.jta.platform.internal.NoJtaPlatform]
2023-11-06T00:50:08.689+01:00  INFO 28352 --- [main] j.LocalContainerEntityManagerFactoryBean : Initialized JPA EntityManagerFactory for persistence unit 'default'
2023-11-06T00:50:09.246+01:00  WARN 28352 --- [main] JpaBaseConfiguration$JpaWebConfiguration : spring.jpa.open-in-view is enabled by default. Therefore, database queries may be performed during view rendering. Explicitly configure spring.jpa.open-in-view to disable this warning
2023-11-06T00:50:10.126+01:00  INFO 28352 --- [main] o.s.b.w.embedded.tomcat.TomcatWebServer  : Tomcat started on port(s): 8080 (http) with context path ''
2023-11-06T00:50:10.135+01:00  INFO 28352 --- [main] c.e.a.AbidMehdi4Twin7Application         : Started AbidMehdi4Twin7Application in 5.182 seconds (process running for 5.726)
2023-11-06T00:50:57.095+01:00  INFO 28352 --- [SpringApplicationShutdownHook] j.LocalContainerEntityManagerFactoryBean : Closing JPA EntityManagerFactory for persistence unit 'default'
2023-11-06T00:50:57.098+01:00  INFO 28352 --- [SpringApplicationShutdownHook] com.zaxxer.hikari.HikariDataSource       : HikariPool-1 - Shutdown initiated...
2023-11-06T00:50:57.109+01:00  INFO 28352 --- [SpringApplicationShutdownHook] com.zaxxer.hikari.HikariDataSource       : HikariPool-1 - Shutdown completed.
2023-11-06T00:50:59.640+01:00  INFO 10744 --- [main] c.e.a.AbidMehdi4Twin7Application         : Starting AbidMehdi4Twin7Application using Java 17.0.8 with PID 10744 (C:\Users\mehdi\IdeaProjects\Abid_Mehdi_4TWIN7\target\classes started by Mehdi in C:\Users\mehdi\IdeaProjects\Abid_Mehdi_4TWIN7)
2023-11-06T00:50:59.643+01:00  INFO 10744 --- [main] c.e.a.AbidMehdi4Twin7Application         : No active profile set, falling back to 1 default profile: "default"
2023-11-06T00:51:00.374+01:00  INFO 10744 --- [main] .s.d.r.c.RepositoryConfigurationDelegate : Bootstrapping Spring Data JPA repositories in DEFAULT mode.
2023-11-06T00:51:00.450+01:00  INFO 10744 --- [main] .s.d.r.c.RepositoryConfigurationDelegate : Finished Spring Data repository scanning in 68 ms. Found 6 JPA repository interfaces.
2023-11-06T00:51:00.934+01:00  INFO 10744 --- [main] o.s.b.w.embedded.tomcat.TomcatWebServer  : Tomcat initialized with port(s): 8080 (http)
2023-11-06T00:51:00.942+01:00  INFO 10744 --- [main] o.apache.catalina.core.StandardService   : Starting service [Tomcat]
2023-11-06T00:51:00.943+01:00  INFO 10744 --- [main] o.apache.catalina.core.StandardEngine    : Starting Servlet engine: [Apache Tomcat/10.1.13]
2023-11-06T00:51:01.035+01:00  INFO 10744 --- [main] o.a.c.c.C.[Tomcat].[localhost].[/]       : Initializing Spring embedded WebApplicationContext
2023-11-06T00:51:01.035+01:00  INFO 10744 --- [main] w.s.c.ServletWebServerApplicationContext : Root WebApplicationContext: initialization completed in 1354 ms
2023-11-06T00:51:01.171+01:00  INFO 10744 --- [main] o.hibernate.jpa.internal.util.LogHelper  : HHH000204: Processing PersistenceUnitInfo [name: default]
2023-11-06T00:51:01.214+01:00  INFO 10744 --- [main] org.hibernate.Version                    : HHH000412: Hibernate ORM core version 6.2.9.Final
2023-11-06T00:51:01.216+01:00  INFO 10744 --- [main] org.hibernate.cfg.Environment            : HHH000406: Using bytecode reflection optimizer
2023-11-06T00:51:01.344+01:00  INFO 10744 --- [main] o.h.b.i.BytecodeProviderInitiator        : HHH000021: Bytecode provider name : bytebuddy
2023-11-06T00:51:01.482+01:00  INFO 10744 --- [main] o.s.o.j.p.SpringPersistenceUnitInfo      : No LoadTimeWeaver setup: ignoring JPA class transformer
2023-11-06T00:51:01.498+01:00  INFO 10744 --- [main] com.zaxxer.hikari.HikariDataSource       : HikariPool-1 - Starting...
2023-11-06T00:51:01.651+01:00  INFO 10744 --- [main] com.zaxxer.hikari.pool.HikariPool        : HikariPool-1 - Added connection com.mysql.cj.jdbc.ConnectionImpl@4586a8aa
2023-11-06T00:51:01.653+01:00  INFO 10744 --- [main] com.zaxxer.hikari.HikariDataSource       : HikariPool-1 - Start completed.
2023-11-06T00:51:01.714+01:00  WARN 10744 --- [main] org.hibernate.dialect.Dialect            : HHH000511: The 5.5.0 version for [org.hibernate.dialect.MySQLDialect] is no longer supported, hence certain features may not work properly. The minimum supported version is 5.7.0. Check the community dialects project for available legacy versions.
2023-11-06T00:51:02.001+01:00  INFO 10744 --- [main] o.h.b.i.BytecodeProviderInitiator        : HHH000021: Bytecode provider name : bytebuddy
2023-11-06T00:51:02.788+01:00  INFO 10744 --- [main] o.h.e.t.j.p.i.JtaPlatformInitiator       : HHH000490: Using JtaPlatform implementation: [org.hibernate.engine.transaction.jta.platform.internal.NoJtaPlatform]
2023-11-06T00:51:03.283+01:00  INFO 10744 --- [main] j.LocalContainerEntityManagerFactoryBean : Initialized JPA EntityManagerFactory for persistence unit 'default'
2023-11-06T00:51:03.872+01:00  WARN 10744 --- [main] JpaBaseConfiguration$JpaWebConfiguration : spring.jpa.open-in-view is enabled by default. Therefore, database queries may be performed during view rendering. Explicitly configure spring.jpa.open-in-view to disable this warning
2023-11-06T00:51:04.642+01:00  INFO 10744 --- [main] o.s.b.w.embedded.tomcat.TomcatWebServer  : Tomcat started on port(s): 8080 (http) with context path ''
2023-11-06T00:51:04.654+01:00  INFO 10744 --- [main] c.e.a.AbidMehdi4Twin7Application         : Started AbidMehdi4Twin7Application in 5.424 seconds (process running for 6.166)
2023-11-06T00:51:19.422+01:00  INFO 10744 --- [SpringApplicationShutdownHook] j.LocalContainerEntityManagerFactoryBean : Closing JPA EntityManagerFactory for persistence unit 'default'
2023-11-06T00:51:19.594+01:00  INFO 10744 --- [SpringApplicationShutdownHook] com.zaxxer.hikari.HikariDataSource       : HikariPool-1 - Shutdown initiated...
2023-11-06T00:51:19.601+01:00  INFO 10744 --- [SpringApplicationShutdownHook] com.zaxxer.hikari.HikariDataSource       : HikariPool-1 - Shutdown completed.
2023-11-06T00:51:21.731+01:00  INFO 13724 --- [main] c.e.a.AbidMehdi4Twin7Application         : Starting AbidMehdi4Twin7Application using Java 17.0.8 with PID 13724 (C:\Users\mehdi\IdeaProjects\Abid_Mehdi_4TWIN7\target\classes started by Mehdi in C:\Users\mehdi\IdeaProjects\Abid_Mehdi_4TWIN7)
2023-11-06T00:51:21.733+01:00  INFO 13724 --- [main] c.e.a.AbidMehdi4Twin7Application         : No active profile set, falling back to 1 default profile: "default"
2023-11-06T00:51:22.584+01:00  INFO 13724 --- [main] .s.d.r.c.RepositoryConfigurationDelegate : Bootstrapping Spring Data JPA repositories in DEFAULT mode.
2023-11-06T00:51:22.666+01:00  INFO 13724 --- [main] .s.d.r.c.RepositoryConfigurationDelegate : Finished Spring Data repository scanning in 73 ms. Found 6 JPA repository interfaces.
2023-11-06T00:51:23.234+01:00  INFO 13724 --- [main] o.s.b.w.embedded.tomcat.TomcatWebServer  : Tomcat initialized with port(s): 8080 (http)
2023-11-06T00:51:23.243+01:00  INFO 13724 --- [main] o.apache.catalina.core.StandardService   : Starting service [Tomcat]
2023-11-06T00:51:23.243+01:00  INFO 13724 --- [main] o.apache.catalina.core.StandardEngine    : Starting Servlet engine: [Apache Tomcat/10.1.13]
2023-11-06T00:51:23.342+01:00  INFO 13724 --- [main] o.a.c.c.C.[Tomcat].[localhost].[/]       : Initializing Spring embedded WebApplicationContext
2023-11-06T00:51:23.342+01:00  INFO 13724 --- [main] w.s.c.ServletWebServerApplicationContext : Root WebApplicationContext: initialization completed in 1563 ms
2023-11-06T00:51:23.507+01:00  INFO 13724 --- [main] o.hibernate.jpa.internal.util.LogHelper  : HHH000204: Processing PersistenceUnitInfo [name: default]
2023-11-06T00:51:23.555+01:00  INFO 13724 --- [main] org.hibernate.Version                    : HHH000412: Hibernate ORM core version 6.2.9.Final
2023-11-06T00:51:23.558+01:00  INFO 13724 --- [main] org.hibernate.cfg.Environment            : HHH000406: Using bytecode reflection optimizer
2023-11-06T00:51:23.693+01:00  INFO 13724 --- [main] o.h.b.i.BytecodeProviderInitiator        : HHH000021: Bytecode provider name : bytebuddy
2023-11-06T00:51:23.811+01:00  INFO 13724 --- [main] o.s.o.j.p.SpringPersistenceUnitInfo      : No LoadTimeWeaver setup: ignoring JPA class transformer
2023-11-06T00:51:23.833+01:00  INFO 13724 --- [main] com.zaxxer.hikari.HikariDataSource       : HikariPool-1 - Starting...
2023-11-06T00:51:24.002+01:00  INFO 13724 --- [main] com.zaxxer.hikari.pool.HikariPool        : HikariPool-1 - Added connection com.mysql.cj.jdbc.ConnectionImpl@3e2d44f3
2023-11-06T00:51:24.004+01:00  INFO 13724 --- [main] com.zaxxer.hikari.HikariDataSource       : HikariPool-1 - Start completed.
2023-11-06T00:51:24.058+01:00  WARN 13724 --- [main] org.hibernate.dialect.Dialect            : HHH000511: The 5.5.0 version for [org.hibernate.dialect.MySQLDialect] is no longer supported, hence certain features may not work properly. The minimum supported version is 5.7.0. Check the community dialects project for available legacy versions.
2023-11-06T00:51:24.319+01:00  INFO 13724 --- [main] o.h.b.i.BytecodeProviderInitiator        : HHH000021: Bytecode provider name : bytebuddy
2023-11-06T00:51:25.124+01:00  INFO 13724 --- [main] o.h.e.t.j.p.i.JtaPlatformInitiator       : HHH000490: Using JtaPlatform implementation: [org.hibernate.engine.transaction.jta.platform.internal.NoJtaPlatform]
2023-11-06T00:51:25.631+01:00  INFO 13724 --- [main] j.LocalContainerEntityManagerFactoryBean : Initialized JPA EntityManagerFactory for persistence unit 'default'
2023-11-06T00:51:26.269+01:00  WARN 13724 --- [main] JpaBaseConfiguration$JpaWebConfiguration : spring.jpa.open-in-view is enabled by default. Therefore, database queries may be performed during view rendering. Explicitly configure spring.jpa.open-in-view to disable this warning
2023-11-06T00:51:27.211+01:00  INFO 13724 --- [main] o.s.b.w.embedded.tomcat.TomcatWebServer  : Tomcat started on port(s): 8080 (http) with context path ''
2023-11-06T00:51:27.222+01:00  INFO 13724 --- [main] c.e.a.AbidMehdi4Twin7Application         : Started AbidMehdi4Twin7Application in 5.894 seconds (process running for 6.435)
